<?xml version="1.0" encoding="UTF-8"?>
<testsuite xmlns:xsi="http://www.w3.org/2001/XMLSchema-instance" xsi:noNamespaceSchemaLocation="https://maven.apache.org/surefire/maven-surefire-plugin/xsd/surefire-test-report.xsd" version="3.0.2" name="com.carelink.CarelinkApplicationTests" time="2.313" tests="1" errors="0" skipped="0" failures="0">
  <properties>
[...]
</properties>
  <testcase name="contextLoads" classname="com.carelink.CarelinkApplicationTests" time="0.255">
    <system-out><![CDATA[16:11:39.187 [main] INFO org.springframework.test.context.support.AnnotationConfigContextLoaderUtils -- Could not detect default configuration classes for test class [com.carelink.CarelinkApplicationTests]: CarelinkApplicationTests does not declare any static, non-private, non-final, nested classes annotated with @Configuration.
16:11:39.243 [main] INFO org.springframework.boot.test.context.SpringBootTestContextBootstrapper -- Found @SpringBootConfiguration com.carelink.CarelinkApplication for test class com.carelink.CarelinkApplicationTests
16:11:39.302 [main] INFO org.springframework.boot.devtools.restart.RestartApplicationListener -- Restart disabled due to context in which it is running

  .   ____          _            __ _ _
 /\\ / ___'_ __ _ _(_)_ __  __ _ \ \ \ \
( ( )\___ | '_ | '_| | '_ \/ _` | \ \ \ \
 \\/  ___)| |_)| | | | | || (_| |  ) ) ) )
  '  |____| .__|_| |_|_| |_\__, | / / / /
 =========|_|==============|___/=/_/_/_/

 :: Spring Boot ::                (v3.5.3)

2025-06-24T16:11:39.402+01:00  INFO 29697 --- [           main] com.carelink.CarelinkApplicationTests    : Starting CarelinkApplicationTests using Java 24.0.1 with PID 29697 (started by vinicius in /Users/vinicius/Library/CloudStorage/OneDrive-Personal/Documents/Educação/NCI - HDSC/Project/CareLinkPlus)
2025-06-24T16:11:39.403+01:00  INFO 29697 --- [           main] com.carelink.CarelinkApplicationTests    : No active profile set, falling back to 1 default profile: "default"
2025-06-24T16:11:39.773+01:00  INFO 29697 --- [           main] .s.d.r.c.RepositoryConfigurationDelegate : Bootstrapping Spring Data JPA repositories in DEFAULT mode.
2025-06-24T16:11:39.790+01:00  INFO 29697 --- [           main] .s.d.r.c.RepositoryConfigurationDelegate : Finished Spring Data repository scanning in 12 ms. Found 0 JPA repository interfaces.
2025-06-24T16:11:39.970+01:00  INFO 29697 --- [           main] o.hibernate.jpa.internal.util.LogHelper  : HHH000204: Processing PersistenceUnitInfo [name: default]
2025-06-24T16:11:39.992+01:00  INFO 29697 --- [           main] org.hibernate.Version                    : HHH000412: Hibernate ORM core version 6.6.18.Final
2025-06-24T16:11:40.010+01:00  INFO 29697 --- [           main] o.h.c.internal.RegionFactoryInitiator    : HHH000026: Second-level cache disabled
2025-06-24T16:11:40.120+01:00  INFO 29697 --- [           main] o.s.o.j.p.SpringPersistenceUnitInfo      : No LoadTimeWeaver setup: ignoring JPA class transformer
2025-06-24T16:11:40.132+01:00  INFO 29697 --- [           main] com.zaxxer.hikari.HikariDataSource       : HikariPool-1 - Starting...
2025-06-24T16:11:40.478+01:00  INFO 29697 --- [           main] com.zaxxer.hikari.pool.HikariPool        : HikariPool-1 - Added connection com.mysql.cj.jdbc.ConnectionImpl@7e1762e6
2025-06-24T16:11:40.479+01:00  INFO 29697 --- [           main] com.zaxxer.hikari.HikariDataSource       : HikariPool-1 - Start completed.
2025-06-24T16:11:40.547+01:00  WARN 29697 --- [           main] org.hibernate.orm.deprecation            : HHH90000025: MySQLDialect does not need to be specified explicitly using 'hibernate.dialect' (remove the property setting and it will be selected by default)
2025-06-24T16:11:40.555+01:00  INFO 29697 --- [           main] org.hibernate.orm.connections.pooling    : HHH10001005: Database info:
	Database JDBC URL [Connecting through datasource 'HikariDataSource (HikariPool-1)']
	Database driver: undefined/unknown
	Database version: 8.0.41
	Autocommit mode: undefined/unknown
	Isolation level: undefined/unknown
	Minimum pool size: undefined/unknown
	Maximum pool size: undefined/unknown
2025-06-24T16:11:40.683+01:00  INFO 29697 --- [           main] o.h.e.t.j.p.i.JtaPlatformInitiator       : HHH000489: No JTA platform available (set 'hibernate.transaction.jta.platform' to enable JTA platform integration)
2025-06-24T16:11:40.684+01:00  INFO 29697 --- [           main] j.LocalContainerEntityManagerFactoryBean : Initialized JPA EntityManagerFactory for persistence unit 'default'
2025-06-24T16:11:40.773+01:00  INFO 29697 --- [           main] toConfiguration$GrpcServletConfiguration : Registering gRPC service: grpc.reflection.v1.ServerReflection
2025-06-24T16:11:40.773+01:00  INFO 29697 --- [           main] toConfiguration$GrpcServletConfiguration : Registering gRPC service: grpc.health.v1.Health
2025-06-24T16:11:40.805+01:00  WARN 29697 --- [           main] JpaBaseConfiguration$JpaWebConfiguration : spring.jpa.open-in-view is enabled by default. Therefore, database queries may be performed during view rendering. Explicitly configure spring.jpa.open-in-view to disable this warning
2025-06-24T16:11:41.028+01:00  WARN 29697 --- [           main] .s.s.UserDetailsServiceAutoConfiguration : 

Using generated security password: 5daff12e-d4ed-44b7-80a0-e0022ff3851c

This generated password is for development use only. Your security configuration must be updated before running your application in production.

2025-06-24T16:11:41.030+01:00  INFO 29697 --- [           main] r$InitializeUserDetailsManagerConfigurer : Global AuthenticationManager configured with UserDetailsService bean with name inMemoryUserDetailsManager
2025-06-24T16:11:41.067+01:00  INFO 29697 --- [           main] o.s.b.a.e.web.EndpointLinksResolver      : Exposing 1 endpoint beneath base path '/actuator'
2025-06-24T16:11:41.147+01:00  INFO 29697 --- [           main] com.carelink.CarelinkApplicationTests    : Started CarelinkApplicationTests in 1.849 seconds (process running for 2.225)
]]></system-out>
    <system-err><![CDATA[Mockito is currently self-attaching to enable the inline-mock-maker. This will no longer work in future releases of the JDK. Please add Mockito as an agent to your build as described in Mockito's documentation: https://javadoc.io/doc/org.mockito/mockito-core/latest/org.mockito/org/mockito/Mockito.html#0.3
WARNING: A Java agent has been loaded dynamically (/Users/vinicius/.m2/repository/net/bytebuddy/byte-buddy-agent/1.17.6/byte-buddy-agent-1.17.6.jar)
WARNING: If a serviceability tool is in use, please run with -XX:+EnableDynamicAgentLoading to hide this warning
WARNING: If a serviceability tool is not in use, please run with -Djdk.instrument.traceUsage for more information
WARNING: Dynamic loading of agents will be disallowed by default in a future release
]]></system-err>
  </testcase>
</testsuite>